TN:
SF:source/index.js
FNF:0
FNH:0
DA:1,1
DA:2,1
DA:3,1
LF:3
LH:3
BRDA:3,0,0,5
BRF:1
BRH:1
end_of_record
TN:
SF:source/command/check-dependency.js
FNF:0
FNH:0
DA:1,1
DA:2,1
DA:3,1
DA:4,1
DA:5,1
DA:6,1
DA:7,1
DA:8,1
DA:9,1
DA:10,1
DA:11,1
DA:12,1
DA:13,1
DA:14,1
DA:15,1
DA:16,1
DA:17,1
DA:18,1
DA:19,1
DA:20,1
DA:21,1
DA:22,1
DA:23,1
DA:24,1
DA:25,1
DA:26,3
DA:27,3
DA:28,3
DA:29,3
DA:30,3
DA:31,3
DA:32,3
DA:33,3
DA:34,0
DA:35,0
DA:36,3
DA:37,3
DA:38,3
DA:39,3
DA:40,3
DA:41,0
DA:42,0
DA:43,0
DA:44,0
DA:45,0
DA:46,0
DA:47,0
DA:48,0
DA:49,0
DA:50,0
DA:51,0
DA:52,0
DA:53,0
DA:54,0
DA:55,0
DA:56,0
DA:57,0
DA:58,0
DA:59,3
DA:60,3
DA:61,3
DA:62,1
DA:63,1
DA:64,1
DA:65,1
DA:66,1
DA:67,1
DA:68,1
DA:69,1
DA:70,1
DA:71,3
DA:72,3
DA:73,1
DA:74,3
DA:75,1
DA:76,1
DA:77,0
DA:78,1
DA:79,1
DA:80,1
DA:81,1
DA:82,1
DA:83,1
DA:84,1
DA:85,1
DA:86,1
DA:87,1
DA:88,1
DA:89,1
DA:90,1
DA:91,3
DA:92,3
DA:93,3
DA:94,3
DA:95,2
DA:96,2
DA:97,2
DA:98,2
DA:99,2
DA:100,2
DA:101,2
DA:102,3
DA:103,3
DA:104,0
DA:105,0
DA:106,0
DA:107,0
DA:108,0
DA:109,1
LF:109
LH:83
BRDA:109,0,0,3
BRDA:25,1,0,3
BRDA:33,2,0,0
BRDA:40,3,0,0
BRDA:61,4,0,1
BRDA:72,5,0,1
BRDA:74,6,0,1
BRDA:94,7,0,2
BRDA:103,8,0,0
BRDA:64,9,0,1
BRDA:82,10,0,1
BRDA:84,11,0,1
BRF:12
BRH:9
end_of_record
TN:
SF:source/library/check.js
FN:18,Check
FN:52,each
FNF:2
FNH:2
FNDA:41,Check
FNDA:41,each
DA:1,1
DA:2,1
DA:3,1
DA:4,1
DA:5,1
DA:6,1
DA:7,1
DA:8,1
DA:9,1
DA:10,1
DA:11,1
DA:12,1
DA:13,1
DA:14,1
DA:15,1
DA:16,1
DA:17,1
DA:18,1
DA:19,41
DA:20,41
DA:21,41
DA:22,41
DA:23,41
DA:24,41
DA:25,41
DA:26,41
DA:27,41
DA:28,41
DA:29,41
DA:30,41
DA:31,41
DA:32,41
DA:33,41
DA:34,41
DA:35,41
DA:36,41
DA:37,41
DA:38,41
DA:39,41
DA:40,41
DA:41,41
DA:42,41
DA:43,41
DA:44,41
DA:45,41
DA:46,41
DA:47,41
DA:48,41
DA:49,41
DA:50,41
DA:51,41
DA:52,41
DA:53,41
DA:54,41
DA:55,41
DA:56,41
DA:57,41
DA:58,41
DA:59,41
DA:60,41
DA:61,41
DA:62,41
DA:63,41
DA:64,41
DA:65,41
DA:66,0
DA:67,0
DA:68,0
DA:69,0
DA:70,0
DA:71,0
DA:72,0
DA:73,0
DA:74,0
DA:75,0
DA:76,0
DA:77,0
DA:78,0
DA:79,0
DA:80,0
DA:81,0
DA:82,0
DA:83,0
DA:84,0
DA:85,0
DA:86,0
DA:87,0
DA:88,0
DA:89,0
DA:90,0
DA:91,0
DA:92,0
DA:93,0
DA:94,0
DA:95,0
DA:96,0
DA:97,41
DA:98,41
DA:99,41
DA:100,41
DA:101,0
DA:102,0
DA:103,41
DA:104,41
DA:105,41
DA:106,41
LF:106
LH:73
BRDA:106,0,0,8
BRDA:18,1,0,41
BRDA:20,2,0,41
BRDA:100,3,0,0
BRDA:52,4,0,41
BRDA:63,5,0,41
BRDA:65,6,0,0
BRF:7
BRH:5
end_of_record
TN:
SF:source/library/get-dependency-name.js
FN:2,GetDependencyName
FNF:1
FNH:1
FNDA:30,GetDependencyName
DA:1,1
DA:2,1
DA:3,30
DA:4,30
DA:5,30
DA:6,30
LF:6
LH:6
BRDA:6,0,0,8
BRDA:2,1,0,30
BRF:2
BRH:2
end_of_record
TN:
SF:source/library/error/check-error.js
FN:3,CheckError
FNF:1
FNH:0
FNDA:0,CheckError
DA:1,1
DA:2,1
DA:3,1
DA:4,0
DA:5,0
DA:6,1
DA:7,1
DA:8,1
DA:9,1
LF:9
LH:7
BRDA:9,0,0,8
BRF:1
BRH:1
end_of_record
TN:
SF:source/library/error/file-parse-error.js
FN:7,FileParseError
FNF:1
FNH:0
FNDA:0,FileParseError
DA:1,1
DA:2,1
DA:3,1
DA:4,1
DA:5,1
DA:6,1
DA:7,1
DA:8,0
DA:9,0
DA:10,1
DA:11,1
DA:12,1
DA:13,1
LF:13
LH:11
BRDA:13,0,0,8
BRF:1
BRH:1
end_of_record
TN:
SF:source/library/error/folder-parse-error.js
FN:7,FolderParseError
FNF:1
FNH:0
FNDA:0,FolderParseError
DA:1,1
DA:2,1
DA:3,1
DA:4,1
DA:5,1
DA:6,1
DA:7,1
DA:8,0
DA:9,0
DA:10,1
DA:11,1
DA:12,1
DA:13,1
LF:13
LH:11
BRDA:13,0,0,8
BRF:1
BRH:1
end_of_record
TN:
SF:source/library/error/parse-error.js
FN:5,ParseError
FNF:1
FNH:0
FNDA:0,ParseError
DA:1,1
DA:2,1
DA:3,1
DA:4,1
DA:5,1
DA:6,0
DA:7,0
DA:8,0
DA:9,1
DA:10,1
DA:11,1
DA:12,1
LF:12
LH:9
BRDA:12,0,0,8
BRF:1
BRH:1
end_of_record
TN:
SF:source/library/parser/parcel.js
FN:2,Parcel
FNF:1
FNH:1
FNDA:41,Parcel
DA:1,1
DA:2,1
DA:3,41
DA:4,41
DA:5,41
DA:6,41
DA:7,41
DA:8,41
DA:9,41
DA:10,1
DA:11,1
DA:12,41
DA:13,41
DA:14,41
DA:15,41
LF:15
LH:15
BRDA:15,0,0,8
BRDA:2,1,0,41
BRDA:9,2,0,1
BRDA:10,3,0,3
BRF:4
BRH:4
end_of_record
TN:
SF:source/library/parser/pug.js
FN:12,Pug
FNF:1
FNH:1
FNDA:3,Pug
DA:1,1
DA:2,1
DA:3,1
DA:4,1
DA:5,1
DA:6,1
DA:7,1
DA:8,1
DA:9,1
DA:10,1
DA:11,1
DA:12,1
DA:13,3
DA:14,3
DA:15,3
DA:16,3
DA:17,3
DA:18,3
DA:19,3
DA:20,3
DA:21,3
DA:22,3
DA:23,3
DA:24,3
DA:25,3
DA:26,3
DA:27,3
DA:28,3
DA:29,3
DA:30,3
DA:31,3
LF:31
LH:31
BRDA:31,0,0,8
BRDA:12,1,0,3
BRDA:27,2,0,1
BRDA:27,3,0,2
BRDA:25,4,0,2
BRDA:27,5,0,3
BRDA:27,6,0,2
BRF:7
BRH:7
end_of_record
TN:
SF:source/library/special/ava.js
FN:9,Ava
FNF:1
FNH:1
FNDA:68,Ava
DA:1,1
DA:2,1
DA:3,1
DA:4,1
DA:5,1
DA:6,1
DA:7,1
DA:8,1
DA:9,1
DA:10,68
DA:11,68
DA:12,68
DA:13,68
DA:14,68
DA:15,68
DA:16,68
DA:17,68
DA:18,43
DA:19,43
DA:20,43
DA:21,43
DA:22,43
DA:23,43
DA:24,43
DA:25,43
DA:26,43
DA:27,43
DA:28,68
DA:29,68
DA:30,68
DA:31,68
LF:31
LH:31
BRDA:31,0,0,8
BRDA:9,1,0,68
BRDA:17,2,0,43
BRDA:21,3,0,41
BRDA:21,4,0,39
BRDA:21,5,0,2
BRDA:17,6,0,136
BRDA:17,7,0,41
BRDA:17,8,0,95
BRDA:25,9,0,4
BRF:10
BRH:10
end_of_record
TN:
SF:source/library/special/babel.js
FN:10,Babel
FNF:1
FNH:1
FNDA:68,Babel
DA:1,1
DA:2,1
DA:3,1
DA:4,1
DA:5,1
DA:6,1
DA:7,1
DA:8,1
DA:9,1
DA:10,1
DA:11,68
DA:12,68
DA:13,68
DA:14,68
DA:15,68
DA:16,68
DA:17,68
DA:18,68
DA:19,68
DA:20,57
DA:21,57
DA:22,57
DA:23,57
DA:24,57
DA:25,57
DA:26,57
DA:27,57
DA:28,57
DA:29,57
DA:30,57
DA:31,57
DA:32,57
DA:33,57
DA:34,57
DA:35,57
DA:36,57
DA:37,57
DA:38,57
DA:39,68
DA:40,68
DA:41,68
DA:42,68
LF:42
LH:42
BRDA:42,0,0,8
BRDA:10,1,0,68
BRDA:19,2,0,57
BRDA:23,3,0,41
BRDA:23,4,0,33
BRDA:23,5,0,16
BRDA:36,6,0,25
BRDA:36,7,0,32
BRDA:19,8,0,204
BRDA:19,9,0,90
BRDA:19,10,0,114
BRDA:27,11,0,12
BRDA:28,12,0,12
BRDA:28,13,0,0
BRDA:29,14,0,12
BRDA:33,15,0,12
BRDA:33,16,0,0
BRDA:34,17,0,12
BRDA:36,18,0,47
BRDA:36,19,0,24
BRF:20
BRH:18
end_of_record
