TN:
SF:source/index.js
FNF:0
FNH:0
DA:1,1
DA:2,1
DA:3,1
LF:3
LH:3
BRDA:3,0,0,5
BRF:1
BRH:1
end_of_record
TN:
SF:source/command/check-dependency.js
FNF:0
FNH:0
DA:1,1
DA:2,1
DA:3,1
DA:4,1
DA:5,1
DA:6,1
DA:7,1
DA:8,1
DA:9,1
DA:10,1
DA:11,1
DA:12,1
DA:13,1
DA:14,1
DA:15,1
DA:16,1
DA:17,1
DA:18,1
DA:19,1
DA:20,1
DA:21,1
DA:22,1
DA:23,3
DA:24,3
DA:25,3
DA:26,3
DA:27,3
DA:28,3
DA:29,3
DA:30,3
DA:31,0
DA:32,0
DA:33,3
DA:34,3
DA:35,3
DA:36,3
DA:37,3
DA:38,0
DA:39,0
DA:40,0
DA:41,0
DA:42,0
DA:43,0
DA:44,0
DA:45,0
DA:46,0
DA:47,0
DA:48,0
DA:49,0
DA:50,0
DA:51,0
DA:52,0
DA:53,0
DA:54,0
DA:55,0
DA:56,3
DA:57,3
DA:58,3
DA:59,1
DA:60,1
DA:61,1
DA:62,1
DA:63,1
DA:64,1
DA:65,1
DA:66,1
DA:67,1
DA:68,3
DA:69,3
DA:70,1
DA:71,3
DA:72,1
DA:73,1
DA:74,0
DA:75,1
DA:76,1
DA:77,1
DA:78,1
DA:79,1
DA:80,1
DA:81,1
DA:82,1
DA:83,1
DA:84,1
DA:85,1
DA:86,1
DA:87,1
DA:88,3
DA:89,3
DA:90,3
DA:91,3
DA:92,2
DA:93,2
DA:94,2
DA:95,2
DA:96,2
DA:97,2
DA:98,2
DA:99,3
DA:100,3
DA:101,0
DA:102,0
DA:103,0
DA:104,0
DA:105,0
DA:106,1
LF:106
LH:80
BRDA:106,0,0,3
BRDA:22,1,0,3
BRDA:30,2,0,0
BRDA:37,3,0,0
BRDA:58,4,0,1
BRDA:69,5,0,1
BRDA:71,6,0,1
BRDA:91,7,0,2
BRDA:100,8,0,0
BRDA:61,9,0,1
BRDA:79,10,0,1
BRDA:81,11,0,1
BRF:12
BRH:9
end_of_record
TN:
SF:source/library/check.js
FN:17,Check
FN:51,each
FNF:2
FNH:2
FNDA:27,Check
FNDA:27,each
DA:1,1
DA:2,1
DA:3,1
DA:4,1
DA:5,1
DA:6,1
DA:7,1
DA:8,1
DA:9,1
DA:10,1
DA:11,1
DA:12,1
DA:13,1
DA:14,1
DA:15,1
DA:16,1
DA:17,1
DA:18,27
DA:19,27
DA:20,27
DA:21,27
DA:22,27
DA:23,27
DA:24,27
DA:25,27
DA:26,27
DA:27,27
DA:28,27
DA:29,27
DA:30,27
DA:31,27
DA:32,27
DA:33,27
DA:34,27
DA:35,27
DA:36,27
DA:37,27
DA:38,27
DA:39,27
DA:40,27
DA:41,27
DA:42,27
DA:43,27
DA:44,27
DA:45,27
DA:46,27
DA:47,27
DA:48,27
DA:49,27
DA:50,27
DA:51,27
DA:52,27
DA:53,27
DA:54,27
DA:55,27
DA:56,27
DA:57,27
DA:58,27
DA:59,27
DA:60,27
DA:61,27
DA:62,27
DA:63,27
DA:64,27
DA:65,1
DA:66,1
DA:67,1
DA:68,1
DA:69,1
DA:70,1
DA:71,1
DA:72,1
DA:73,1
DA:74,1
DA:75,1
DA:76,0
DA:77,0
DA:78,0
DA:79,0
DA:80,0
DA:81,0
DA:82,0
DA:83,0
DA:84,0
DA:85,0
DA:86,0
DA:87,0
DA:88,0
DA:89,0
DA:90,0
DA:91,0
DA:92,0
DA:93,0
DA:94,1
DA:95,1
DA:96,27
DA:97,27
DA:98,27
DA:99,27
DA:100,0
DA:101,0
DA:102,27
DA:103,27
DA:104,27
DA:105,27
LF:105
LH:85
BRDA:105,0,0,8
BRDA:17,1,0,27
BRDA:19,2,0,27
BRDA:99,3,0,0
BRDA:51,4,0,27
BRDA:62,5,0,27
BRDA:64,6,0,26
BRDA:65,7,0,26
BRDA:64,8,0,1
BRDA:75,9,0,0
BRF:10
BRH:8
end_of_record
TN:
SF:source/library/get-dependency-name.js
FN:2,GetDependencyName
FNF:1
FNH:1
FNDA:15,GetDependencyName
DA:1,1
DA:2,1
DA:3,15
DA:4,15
DA:5,15
DA:6,15
LF:6
LH:6
BRDA:6,0,0,8
BRDA:2,1,0,15
BRF:2
BRH:2
end_of_record
TN:
SF:source/library/error/check-error.js
FN:3,CheckError
FNF:1
FNH:1
FNDA:1,CheckError
DA:1,1
DA:2,1
DA:3,1
DA:4,1
DA:5,1
DA:6,1
DA:7,1
DA:8,1
DA:9,1
LF:9
LH:9
BRDA:9,0,0,8
BRDA:3,1,0,1
BRF:2
BRH:2
end_of_record
TN:
SF:source/library/error/file-parse-error.js
FN:7,FileParseError
FNF:1
FNH:1
FNDA:1,FileParseError
DA:1,1
DA:2,1
DA:3,1
DA:4,1
DA:5,1
DA:6,1
DA:7,1
DA:8,1
DA:9,1
DA:10,1
DA:11,1
DA:12,1
DA:13,1
LF:13
LH:13
BRDA:13,0,0,8
BRDA:7,1,0,1
BRF:2
BRH:2
end_of_record
TN:
SF:source/library/error/folder-parse-error.js
FN:7,FolderParseError
FNF:1
FNH:0
FNDA:0,FolderParseError
DA:1,1
DA:2,1
DA:3,1
DA:4,1
DA:5,1
DA:6,1
DA:7,1
DA:8,0
DA:9,0
DA:10,1
DA:11,1
DA:12,1
DA:13,1
LF:13
LH:11
BRDA:13,0,0,8
BRF:1
BRH:1
end_of_record
TN:
SF:source/library/error/parse-error.js
FN:5,ParseError
FNF:1
FNH:1
FNDA:1,ParseError
DA:1,1
DA:2,1
DA:3,1
DA:4,1
DA:5,1
DA:6,1
DA:7,1
DA:8,1
DA:9,1
DA:10,1
DA:11,1
DA:12,1
LF:12
LH:12
BRDA:12,0,0,8
BRDA:5,1,0,1
BRF:2
BRH:2
end_of_record
TN:
SF:source/library/parser/parcel.js
FN:2,Parcel
FNF:1
FNH:1
FNDA:27,Parcel
DA:1,1
DA:2,1
DA:3,27
DA:4,27
DA:5,27
DA:6,27
DA:7,27
DA:8,27
DA:9,27
DA:10,1
DA:11,1
DA:12,27
DA:13,27
DA:14,27
DA:15,27
LF:15
LH:15
BRDA:15,0,0,8
BRDA:2,1,0,27
BRDA:9,2,0,1
BRDA:10,3,0,3
BRF:4
BRH:4
end_of_record
TN:
SF:source/library/parser/pug.js
FN:12,Pug
FNF:1
FNH:1
FNDA:2,Pug
DA:1,1
DA:2,1
DA:3,1
DA:4,1
DA:5,1
DA:6,1
DA:7,1
DA:8,1
DA:9,1
DA:10,1
DA:11,1
DA:12,1
DA:13,2
DA:14,2
DA:15,2
DA:16,2
DA:17,2
DA:18,2
DA:19,2
DA:20,2
DA:21,2
DA:22,2
DA:23,2
DA:24,2
DA:25,2
DA:26,2
DA:27,2
DA:28,2
DA:29,2
DA:30,2
DA:31,2
LF:31
LH:31
BRDA:31,0,0,8
BRDA:12,1,0,2
BRDA:27,2,0,1
BRDA:27,3,0,1
BRDA:25,4,0,1
BRDA:27,5,0,2
BRDA:27,6,0,1
BRF:7
BRH:7
end_of_record
TN:
SF:source/library/special/ava.js
FN:9,Ava
FNF:1
FNH:1
FNDA:44,Ava
DA:1,1
DA:2,1
DA:3,1
DA:4,1
DA:5,1
DA:6,1
DA:7,1
DA:8,1
DA:9,1
DA:10,44
DA:11,44
DA:12,44
DA:13,44
DA:14,44
DA:15,44
DA:16,44
DA:17,44
DA:18,28
DA:19,28
DA:20,28
DA:21,28
DA:22,28
DA:23,28
DA:24,28
DA:25,28
DA:26,28
DA:27,28
DA:28,44
DA:29,44
DA:30,44
DA:31,44
LF:31
LH:31
BRDA:31,0,0,8
BRDA:9,1,0,44
BRDA:17,2,0,28
BRDA:21,3,0,27
BRDA:21,4,0,26
BRDA:21,5,0,1
BRDA:17,6,0,88
BRDA:17,7,0,27
BRDA:17,8,0,61
BRDA:25,9,0,2
BRF:10
BRH:10
end_of_record
TN:
SF:source/library/special/babel.js
FN:10,Babel
FNF:1
FNH:1
FNDA:44,Babel
DA:1,1
DA:2,1
DA:3,1
DA:4,1
DA:5,1
DA:6,1
DA:7,1
DA:8,1
DA:9,1
DA:10,1
DA:11,44
DA:12,44
DA:13,44
DA:14,44
DA:15,44
DA:16,44
DA:17,44
DA:18,44
DA:19,44
DA:20,36
DA:21,36
DA:22,36
DA:23,36
DA:24,36
DA:25,36
DA:26,36
DA:27,36
DA:28,36
DA:29,36
DA:30,36
DA:31,36
DA:32,36
DA:33,36
DA:34,36
DA:35,36
DA:36,36
DA:37,36
DA:38,36
DA:39,43
DA:40,43
DA:41,43
DA:42,43
LF:42
LH:42
BRDA:42,0,0,8
BRDA:10,1,0,44
BRDA:19,2,0,36
BRDA:23,3,0,27
BRDA:23,4,0,23
BRDA:23,5,0,8
BRDA:36,6,0,27
BRDA:36,7,0,8
BRDA:38,8,0,43
BRDA:19,9,0,132
BRDA:19,10,0,58
BRDA:19,11,0,74
BRDA:27,12,0,6
BRDA:28,13,0,6
BRDA:28,14,0,0
BRDA:29,15,0,6
BRDA:33,16,0,6
BRDA:33,17,0,0
BRDA:34,18,0,6
BRDA:36,19,0,23
BRDA:36,20,0,12
BRF:21
BRH:19
end_of_record
